Flow report for alu
Tue Dec 03 07:54:33 2024
Quartus II 64-Bit Version 13.0.1 Build 232 06/12/2013 Service Pack 1 SJ Web Edition


---------------------
; Table of Contents ;
---------------------
  1. Legal Notice
  2. Flow Summary
  3. Flow Settings
  4. Flow Non-Default Global Settings
  5. Flow Elapsed Time
  6. Flow OS Summary
  7. Flow Log
  8. Flow Messages
  9. Flow Suppressed Messages



----------------
; Legal Notice ;
----------------
Copyright (C) 1991-2013 Altera Corporation
Your use of Altera Corporation's design tools, logic functions 
and other software and tools, and its AMPP partner logic 
functions, and any output files from any of the foregoing 
(including device programming or simulation files), and any 
associated documentation or information are expressly subject 
to the terms and conditions of the Altera Program License 
Subscription Agreement, Altera MegaCore Function License 
Agreement, or other applicable license agreement, including, 
without limitation, that your use is for the sole purpose of 
programming logic devices manufactured by Altera and sold by 
Altera or its authorized distributors.  Please refer to the 
applicable agreement for further details.



+--------------------------------------------------------------------------------------+
; Flow Summary                                                                         ;
+------------------------------------+-------------------------------------------------+
; Flow Status                        ; Successful - Tue Dec 03 07:54:33 2024           ;
; Quartus II 64-Bit Version          ; 13.0.1 Build 232 06/12/2013 SP 1 SJ Web Edition ;
; Revision Name                      ; alu                                             ;
; Top-level Entity Name              ; problem3                                        ;
; Family                             ; Cyclone II                                      ;
; Device                             ; EP2C35F672C6                                    ;
; Timing Models                      ; Final                                           ;
; Total logic elements               ; 20 / 33,216 ( < 1 % )                           ;
;     Total combinational functions  ; 17 / 33,216 ( < 1 % )                           ;
;     Dedicated logic registers      ; 16 / 33,216 ( < 1 % )                           ;
; Total registers                    ; 16                                              ;
; Total pins                         ; 33 / 475 ( 7 % )                                ;
; Total virtual pins                 ; 0                                               ;
; Total memory bits                  ; 0 / 483,840 ( 0 % )                             ;
; Embedded Multiplier 9-bit elements ; 0 / 70 ( 0 % )                                  ;
; Total PLLs                         ; 0 / 4 ( 0 % )                                   ;
+------------------------------------+-------------------------------------------------+


+-----------------------------------------+
; Flow Settings                           ;
+-------------------+---------------------+
; Option            ; Setting             ;
+-------------------+---------------------+
; Start date & time ; 11/28/2024 12:49:19 ;
; Main task         ; Compilation         ;
; Revision Name     ; alu                 ;
+-------------------+---------------------+


+----------------------------------------------------------------------------------------------------------------------+
; Flow Non-Default Global Settings                                                                                     ;
+-------------------------------------+---------------------------------+---------------+-------------+----------------+
; Assignment Name                     ; Value                           ; Default Value ; Entity Name ; Section Id     ;
+-------------------------------------+---------------------------------+---------------+-------------+----------------+
; COMPILER_SIGNATURE_ID               ; 185263054689062.173281615905588 ; --            ; --          ; --             ;
; EDA_GENERATE_FUNCTIONAL_NETLIST     ; On                              ; --            ; --          ; eda_simulation ;
; EDA_OUTPUT_DATA_FORMAT              ; Verilog Hdl                     ; --            ; --          ; eda_simulation ;
; EDA_SIMULATION_TOOL                 ; ModelSim-Altera (Verilog)       ; <None>        ; --          ; --             ;
; MAX_CORE_JUNCTION_TEMP              ; 85                              ; --            ; --          ; --             ;
; MIN_CORE_JUNCTION_TEMP              ; 0                               ; --            ; --          ; --             ;
; PARTITION_COLOR                     ; 16764057                        ; --            ; problem3    ; Top            ;
; PARTITION_FITTER_PRESERVATION_LEVEL ; PLACEMENT_AND_ROUTING           ; --            ; problem3    ; Top            ;
; PARTITION_NETLIST_TYPE              ; SOURCE                          ; --            ; problem3    ; Top            ;
; PROJECT_OUTPUT_DIRECTORY            ; output_files                    ; --            ; --          ; --             ;
; TOP_LEVEL_ENTITY                    ; problem3                        ; alu           ; --          ; --             ;
+-------------------------------------+---------------------------------+---------------+-------------+----------------+


+-------------------------------------------------------------------------------------------------------------------------------+
; Flow Elapsed Time                                                                                                             ;
+---------------------------+--------------+-------------------------+---------------------+------------------------------------+
; Module Name               ; Elapsed Time ; Average Processors Used ; Peak Virtual Memory ; Total CPU Time (on all processors) ;
+---------------------------+--------------+-------------------------+---------------------+------------------------------------+
; Analysis & Synthesis      ; 00:00:02     ; 1.0                     ; 4635 MB             ; 00:00:01                           ;
; Fitter                    ; 00:00:06     ; 1.0                     ; 4883 MB             ; 00:00:05                           ;
; Assembler                 ; 00:00:03     ; 1.0                     ; 4565 MB             ; 00:00:02                           ;
; TimeQuest Timing Analyzer ; 00:00:01     ; 1.0                     ; 4540 MB             ; 00:00:01                           ;
; EDA Netlist Writer        ; 00:00:01     ; 1.0                     ; 4511 MB             ; 00:00:01                           ;
; EDA Netlist Writer        ; 00:00:01     ; 1.0                     ; 4519 MB             ; 00:00:01                           ;
; EDA Netlist Writer        ; 00:00:01     ; 1.0                     ; 4519 MB             ; 00:00:01                           ;
; EDA Netlist Writer        ; 00:00:00     ; 1.0                     ; 4520 MB             ; 00:00:01                           ;
; EDA Netlist Writer        ; 00:00:00     ; 1.0                     ; 4519 MB             ; 00:00:01                           ;
; EDA Netlist Writer        ; 00:00:01     ; 1.0                     ; 4519 MB             ; 00:00:00                           ;
; EDA Netlist Writer        ; 00:00:01     ; 1.0                     ; 4519 MB             ; 00:00:01                           ;
; Total                     ; 00:00:17     ; --                      ; --                  ; 00:00:15                           ;
+---------------------------+--------------+-------------------------+---------------------+------------------------------------+


+----------------------------------------------------------------------------------------+
; Flow OS Summary                                                                        ;
+---------------------------+------------------+-----------+------------+----------------+
; Module Name               ; Machine Hostname ; OS Name   ; OS Version ; Processor type ;
+---------------------------+------------------+-----------+------------+----------------+
; Analysis & Synthesis      ; LAPTOP-0U0U94CK  ; Windows 7 ; 6.2        ; x86_64         ;
; Fitter                    ; LAPTOP-0U0U94CK  ; Windows 7 ; 6.2        ; x86_64         ;
; Assembler                 ; LAPTOP-0U0U94CK  ; Windows 7 ; 6.2        ; x86_64         ;
; TimeQuest Timing Analyzer ; LAPTOP-0U0U94CK  ; Windows 7 ; 6.2        ; x86_64         ;
; EDA Netlist Writer        ; LAPTOP-0U0U94CK  ; Windows 7 ; 6.2        ; x86_64         ;
; EDA Netlist Writer        ; LAPTOP-0U0U94CK  ; Windows 7 ; 6.2        ; x86_64         ;
; EDA Netlist Writer        ; LAPTOP-0U0U94CK  ; Windows 7 ; 6.2        ; x86_64         ;
; EDA Netlist Writer        ; LAPTOP-0U0U94CK  ; Windows 7 ; 6.2        ; x86_64         ;
; EDA Netlist Writer        ; LAPTOP-0U0U94CK  ; Windows 7 ; 6.2        ; x86_64         ;
; EDA Netlist Writer        ; LAPTOP-0U0U94CK  ; Windows 7 ; 6.2        ; x86_64         ;
; EDA Netlist Writer        ; LAPTOP-0U0U94CK  ; Windows 7 ; 6.2        ; x86_64         ;
+---------------------------+------------------+-----------+------------+----------------+


------------
; Flow Log ;
------------
quartus_map --read_settings_files=on --write_settings_files=off alu -c alu
quartus_fit --read_settings_files=off --write_settings_files=off alu -c alu
quartus_asm --read_settings_files=off --write_settings_files=off alu -c alu
quartus_sta alu -c alu
quartus_eda --read_settings_files=off --write_settings_files=off alu -c alu
quartus_eda --gen_testbench --check_outputs=on --tool=modelsim_oem --format=verilog alu -c alu --vector_source="C:/Users/sibis/Downloads/Sibishan Sivanantham - COE328 - Lab 6-20241128T172138Z-001/Sibishan Sivanantham - COE328 - Lab 6/problem3.vwf" --testbench_file=./simulation/qsim/alu.vt
quartus_eda --functional=on --simulation=on --tool=modelsim_oem --format=verilog alu -c alu
quartus_eda --gen_testbench --check_outputs=on --tool=modelsim_oem --format=verilog alu -c alu --vector_source="C:/Users/sibis/Downloads/Sibishan Sivanantham - COE328 - Lab 6-20241128T172138Z-001/Sibishan Sivanantham - COE328 - Lab 6/problem3.vwf" --testbench_file=./simulation/qsim/alu.vt
quartus_eda --functional=on --simulation=on --tool=modelsim_oem --format=verilog alu -c alu
quartus_eda --gen_testbench --check_outputs=on --tool=modelsim_oem --format=verilog alu -c alu --vector_source="C:/Users/sibis/Downloads/Sibishan Sivanantham - COE328 - Lab 6-20241128T172138Z-001/Sibishan Sivanantham - COE328 - Lab 6/problem3.vwf" --testbench_file=./simulation/qsim/alu.vt
quartus_eda --functional=on --simulation=on --tool=modelsim_oem --format=verilog alu -c alu



